#
# A fatal error has been detected by the Java Runtime Environment:
#
#  EXCEPTION_ACCESS_VIOLATION (0xc0000005) at pc=0x00007ffa282b10a5, pid=30804, tid=17292
#
# JRE version: Java(TM) SE Runtime Environment (12.0.2+10) (build 12.0.2+10)
# Java VM: Java HotSpot(TM) 64-Bit Server VM (12.0.2+10, mixed mode, sharing, tiered, compressed oops, g1 gc, windows-amd64)
# Problematic frame:
# C  [prcppMatrixAufgabe.dll+0x10a5]
#
# No core dump will be written. Minidumps are not enabled by default on client versions of Windows
#
# If you would like to submit a bug report, please visit:
#   http://bugreport.java.com/bugreport/crash.jsp
# The crash happened outside the Java Virtual Machine in native code.
# See problematic frame for where to report the bug.
#

---------------  S U M M A R Y ------------

Command Line: -javaagent:C:\Program Files\JetBrains\IntelliJ IDEA 2019.2.2\lib\idea_rt.jar=53192:C:\Program Files\JetBrains\IntelliJ IDEA 2019.2.2\bin -Dfile.encoding=UTF-8 com.company.Main

Host: Intel(R) Core(TM) i7-8750H CPU @ 2.20GHz, 12 cores, 15G,  Windows 10 , 64 bit Build 18362 (10.0.18362.329)
Time: Mon Sep 30 16:34:08 2019 Mitteleuropäische Sommerzeit elapsed time: 4 seconds (0d 0h 0m 4s)

---------------  T H R E A D  ---------------

Current thread (0x0000023c092f9000):  JavaThread "main" [_thread_in_native, id=17292, stack(0x000000e03ba00000,0x000000e03bb00000)]

Stack: [0x000000e03ba00000,0x000000e03bb00000],  sp=0x000000e03baff470,  free space=1021k
Native frames: (J=compiled Java code, j=interpreted, Vv=VM code, C=native code)
C  [prcppMatrixAufgabe.dll+0x10a5]

Java frames: (J=compiled Java code, j=interpreted, Vv=VM code)
j  com.company.Matrix.multiplyC([D[D[DIII)V+0
j  com.company.Matrix.multiplyNative(Lcom/company/Matrix;)Lcom/company/Matrix;+53
j  com.company.Main.main([Ljava/lang/String;)V+105
v  ~StubRoutines::call_stub

siginfo: EXCEPTION_ACCESS_VIOLATION (0xc0000005), reading address 0x0000023c30f3a008


Register to memory mapping:

RIP=0x00007ffa282b10a5 prcppMatrixAufgabe.dll
RAX=0x0000023c30f3a010 is an unknown value
RBX=0x0000000000001770 is an unknown value
RCX=0x0000023c2e607380 points into unknown readable memory: 00 00 00 00 00 00 00 40
RDX=0x000000000000059e is an unknown value
RSP=0x000000e03baff470 is pointing into the stack for thread: 0x0000023c092f9000
RBP=0x0000023c2e606bc0 points into unknown readable memory: 00 00 00 00 00 00 00 40
RSI=0x0000000000001770 is an unknown value
RDI=0x0000000000000190 is an unknown value
R8 =0x0000000000001770 is an unknown value
R9 =0x0000023c30f4ecc0 points into unknown readable memory: 00 00 00 00 00 00 00 00
R10=0x000000000024b670 is an unknown value
R11=0x0000023c2fcea040 points into unknown readable memory: 00 00 00 00 00 00 08 40
R12=0x0000000000000190 is an unknown value
R13=0x00000000000001f3 is an unknown value
R14=0x0000023c2e5fb040 points into unknown readable memory: 00 00 00 00 00 00 00 40
R15=0x0000023c30f4ecc0 points into unknown readable memory: 00 00 00 00 00 00 00 00


Registers:
RAX=0x0000023c30f3a010, RBX=0x0000000000001770, RCX=0x0000023c2e607380, RDX=0x000000000000059e
RSP=0x000000e03baff470, RBP=0x0000023c2e606bc0, RSI=0x0000000000001770, RDI=0x0000000000000190
R8 =0x0000000000001770, R9 =0x0000023c30f4ecc0, R10=0x000000000024b670, R11=0x0000023c2fcea040
R12=0x0000000000000190, R13=0x00000000000001f3, R14=0x0000023c2e5fb040, R15=0x0000023c30f4ecc0
RIP=0x00007ffa282b10a5, EFLAGS=0x0000000000010202

Top of Stack: (sp=0x000000e03baff470)
0x000000e03baff470:   0000023c2d4d07d0 0000023c092f9330
0x000000e03baff480:   0000023c2fcea040 000000e03baff608
0x000000e03baff490:   000000e03baff600 00007ffa282b1221
0x000000e03baff4a0:   0000023c2e5fb040 000000e03baff610
0x000000e03baff4b0:   0000023c30f4e040 0000023c2fcea040
0x000000e03baff4c0:   0000023c00001770 0000023c00000190
0x000000e03baff4d0:   0000023c2d010101 0000064ad635c1a3
0x000000e03baff4e0:   0000023c092f9000 000000e03baff618
0x000000e03baff4f0:   0000000000000000 0000000000007d00
0x000000e03baff500:   0000023c07271000 000000e03baff5c8
0x000000e03baff510:   0000023c2d4d07d0 0000023c1170f0f7
0x000000e03baff520:   000000e03baffab0 0000023c2d4d1498
0x000000e03baff530:   0000023c092f9000 0000000000000000
0x000000e03baff540:   000000e03baff600 0000023c000001f4
0x000000e03baff550:   0000023c00001770 0000023c00000190
0x000000e03baff560:   0000023c07271000 0000023c117f8ca9 

Instructions: (pc=0x00007ffa282b10a5)
0x00007ffa282b0fa5:   00 00 00 00 00 00 00 00 00 00 00 00 00 00 00 00
0x00007ffa282b0fb5:   00 00 00 00 00 00 00 00 00 00 00 00 00 00 00 00
0x00007ffa282b0fc5:   00 00 00 00 00 00 00 00 00 00 00 00 00 00 00 00
0x00007ffa282b0fd5:   00 00 00 00 00 00 00 00 00 00 00 00 00 00 00 00
0x00007ffa282b0fe5:   00 00 00 00 00 00 00 00 00 00 00 00 00 00 00 00
0x00007ffa282b0ff5:   00 00 00 00 00 00 00 00 00 00 00 45 85 c9 0f 8e
0x00007ffa282b1005:   67 01 00 00 41 56 41 57 48 83 ec 18 48 89 5c 24
0x00007ffa282b1015:   30 4c 8b f1 48 63 5c 24 50 45 33 d2 48 89 6c 24
0x00007ffa282b1025:   38 4d 8b f8 48 89 74 24 40 4c 8b da 48 89 7c 24
0x00007ffa282b1035:   10 33 f6 4c 89 64 24 08 48 8d 0c dd 00 00 00 00
0x00007ffa282b1045:   4c 63 64 24 58 49 8b ee 4c 89 2c 24 45 8b e9 4a
0x00007ffa282b1055:   8d 04 e5 00 00 00 00 0f 1f 40 00 4d 85 e4 0f 8e
0x00007ffa282b1065:   cf 00 00 00 4d 8b cf 49 8b fc 90 45 33 c0 0f 57
0x00007ffa282b1075:   d2 48 83 fb 04 7c 6b 48 8d 53 fc 48 8b cd 48 c1
0x00007ffa282b1085:   ea 02 49 8d 43 10 48 ff c2 4a 8d 04 d0 4c 8d 04
0x00007ffa282b1095:   95 00 00 00 00 4d 03 d0 0f 1f 00 f2 0f 10 49 08
0x00007ffa282b10a5:   f2 0f 59 48 f8 f2 0f 10 40 f0 f2 0f 59 01 f2 0f
0x00007ffa282b10b5:   58 c2 0f 28 d1 f2 0f 10 49 18 f2 0f 59 48 08 f2
0x00007ffa282b10c5:   0f 58 d0 f2 0f 10 41 10 f2 0f 59 00 48 83 c1 20
0x00007ffa282b10d5:   48 83 c0 20 f2 0f 58 d0 f2 0f 58 d1 48 83 ea 01
0x00007ffa282b10e5:   75 b9 4c 3b c3 7d 29 4a 8d 04 06 49 8d 0c c6 48
0x00007ffa282b10f5:   8b c3 49 2b c0 f2 43 0f 10 04 d3 49 ff c2 f2 0f
0x00007ffa282b1105:   59 01 48 83 c1 08 f2 0f 58 d0 48 83 e8 01 75 e5
0x00007ffa282b1115:   f2 41 0f 11 11 49 83 c1 08 48 83 ef 01 0f 85 48
0x00007ffa282b1125:   ff ff ff 4a 8d 04 e5 00 00 00 00 48 8d 0c dd 00
0x00007ffa282b1135:   00 00 00 48 03 f3 48 03 e9 4c 03 f8 49 83 ed 01
0x00007ffa282b1145:   0f 85 15 ff ff ff 4c 8b 2c 24 4c 8b 64 24 08 48
0x00007ffa282b1155:   8b 7c 24 10 48 8b 74 24 40 48 8b 6c 24 38 48 8b
0x00007ffa282b1165:   5c 24 30 48 83 c4 18 41 5f 41 5e c3 cc cc cc cc
0x00007ffa282b1175:   cc cc cc cc cc cc cc cc cc cc cc 40 53 55 56 57
0x00007ffa282b1185:   41 54 41 56 41 57 48 83 ec 40 48 8b 05 72 3e 00
0x00007ffa282b1195:   00 48 33 c4 48 89 44 24 38 48 8b 01 49 8b e8 4c 


Stack slot to memory mapping:
stack at sp + 0 slots: {method} {0x0000023c2d4d07d8} 'multiplyC' '([D[D[DIII)V' in 'com/company/Matrix'
stack at sp + 1 slots: 0x0000023c092f9330 points into unknown readable memory: f0 4d bc ce f9 7f 00 00
stack at sp + 2 slots: 0x0000023c2fcea040 points into unknown readable memory: 00 00 00 00 00 00 08 40
stack at sp + 3 slots: 0x000000e03baff608 is pointing into the stack for thread: 0x0000023c092f9000
stack at sp + 4 slots: 0x000000e03baff600 is pointing into the stack for thread: 0x0000023c092f9000
stack at sp + 5 slots: 0x00007ffa282b1221 prcppMatrixAufgabe.dll
stack at sp + 6 slots: 0x0000023c2e5fb040 points into unknown readable memory: 00 00 00 00 00 00 00 40
stack at sp + 7 slots: 0x000000e03baff610 is pointing into the stack for thread: 0x0000023c092f9000


---------------  P R O C E S S  ---------------

Threads class SMR info:
_java_thread_list=0x0000023c2db4bd10, length=11, elements={
0x0000023c092f9000, 0x0000023c2d0a5800, 0x0000023c2d0a7000, 0x0000023c2d0bd800,
0x0000023c2d943000, 0x0000023c2d945800, 0x0000023c2d94c000, 0x0000023c2d94e800,
0x0000023c2da6c000, 0x0000023c2dae6000, 0x0000023c2db44000
}

Java Threads: ( => current thread )
=>0x0000023c092f9000 JavaThread "main" [_thread_in_native, id=17292, stack(0x000000e03ba00000,0x000000e03bb00000)]
  0x0000023c2d0a5800 JavaThread "Reference Handler" daemon [_thread_blocked, id=6448, stack(0x000000e03c100000,0x000000e03c200000)]
  0x0000023c2d0a7000 JavaThread "Finalizer" daemon [_thread_blocked, id=9904, stack(0x000000e03c200000,0x000000e03c300000)]
  0x0000023c2d0bd800 JavaThread "Signal Dispatcher" daemon [_thread_blocked, id=18280, stack(0x000000e03c300000,0x000000e03c400000)]
  0x0000023c2d943000 JavaThread "Attach Listener" daemon [_thread_blocked, id=13380, stack(0x000000e03c400000,0x000000e03c500000)]
  0x0000023c2d945800 JavaThread "C2 CompilerThread0" daemon [_thread_blocked, id=29324, stack(0x000000e03c500000,0x000000e03c600000)]
  0x0000023c2d94c000 JavaThread "C1 CompilerThread0" daemon [_thread_blocked, id=7680, stack(0x000000e03c600000,0x000000e03c700000)]
  0x0000023c2d94e800 JavaThread "Sweeper thread" daemon [_thread_blocked, id=27540, stack(0x000000e03c700000,0x000000e03c800000)]
  0x0000023c2da6c000 JavaThread "Common-Cleaner" daemon [_thread_blocked, id=31636, stack(0x000000e03c800000,0x000000e03c900000)]
  0x0000023c2dae6000 JavaThread "Monitor Ctrl-Break" daemon [_thread_in_native, id=19324, stack(0x000000e03ca00000,0x000000e03cb00000)]
  0x0000023c2db44000 JavaThread "Service Thread" daemon [_thread_blocked, id=28100, stack(0x000000e03cb00000,0x000000e03cc00000)]

Other Threads:
  0x0000023c2d0a2000 VMThread "VM Thread" [stack: 0x000000e03c000000,0x000000e03c100000] [id=26056]
  0x0000023c2db45800 WatcherThread [stack: 0x000000e03cc00000,0x000000e03cd00000] [id=31172]
  0x0000023c09360000 GCTaskThread "GC Thread#0" [stack: 0x000000e03bb00000,0x000000e03bc00000] [id=3020]
  0x0000023c0937a800 ConcurrentGCThread "G1 Main Marker" [stack: 0x000000e03bc00000,0x000000e03bd00000] [id=24732]
  0x0000023c0937d000 ConcurrentGCThread "G1 Conc#0" [stack: 0x000000e03bd00000,0x000000e03be00000] [id=23008]
  0x0000023c2cf9b000 ConcurrentGCThread "G1 Refine#0" [stack: 0x000000e03be00000,0x000000e03bf00000] [id=31372]
  0x0000023c2cf9c800 ConcurrentGCThread "G1 Young RemSet Sampling" [stack: 0x000000e03bf00000,0x000000e03c000000] [id=1896]

Threads with active compile tasks:

VM state:not at safepoint (normal execution)

VM Mutex/Monitor currently owned by a thread: None

Heap address: 0x0000000702400000, size: 4060 MB, Compressed Oops mode: Zero based, Oop shift amount: 3
Narrow klass base: 0x0000000800000000, Narrow klass shift: 3
Compressed class space size: 1073741824 Address: 0x0000000801190000

Heap:
 garbage-first heap   total 260096K, used 51200K [0x0000000702400000, 0x0000000800000000)
  region size 1024K, 5 young (5120K), 0 survivors (0K)
 Metaspace       used 1173K, capacity 4642K, committed 4864K, reserved 1056768K
  class space    used 106K, capacity 416K, committed 512K, reserved 1048576K
Heap Regions: E=young(eden), S=young(survivor), O=old, HS=humongous(starts), HC=humongous(continues), CS=collection set, F=free, A=archive, TAMS=top-at-mark-start (previous, next)
|   0|0x0000000702400000, 0x0000000702500000, 0x0000000702500000|100%|HS|  |TAMS 0x0000000702400000, 0x0000000702400000| Complete 
|   1|0x0000000702500000, 0x0000000702600000, 0x0000000702600000|100%|HC|  |TAMS 0x0000000702500000, 0x0000000702500000| Complete 
|   2|0x0000000702600000, 0x0000000702700000, 0x0000000702700000|100%|HC|  |TAMS 0x0000000702600000, 0x0000000702600000| Complete 
|   3|0x0000000702700000, 0x0000000702800000, 0x0000000702800000|100%|HC|  |TAMS 0x0000000702700000, 0x0000000702700000| Complete 
|   4|0x0000000702800000, 0x0000000702900000, 0x0000000702900000|100%|HC|  |TAMS 0x0000000702800000, 0x0000000702800000| Complete 
|   5|0x0000000702900000, 0x0000000702a00000, 0x0000000702a00000|100%|HC|  |TAMS 0x0000000702900000, 0x0000000702900000| Complete 
|   6|0x0000000702a00000, 0x0000000702b00000, 0x0000000702b00000|100%|HC|  |TAMS 0x0000000702a00000, 0x0000000702a00000| Complete 
|   7|0x0000000702b00000, 0x0000000702c00000, 0x0000000702c00000|100%|HC|  |TAMS 0x0000000702b00000, 0x0000000702b00000| Complete 
|   8|0x0000000702c00000, 0x0000000702d00000, 0x0000000702d00000|100%|HC|  |TAMS 0x0000000702c00000, 0x0000000702c00000| Complete 
|   9|0x0000000702d00000, 0x0000000702e00000, 0x0000000702e00000|100%|HC|  |TAMS 0x0000000702d00000, 0x0000000702d00000| Complete 
|  10|0x0000000702e00000, 0x0000000702f00000, 0x0000000702f00000|100%|HC|  |TAMS 0x0000000702e00000, 0x0000000702e00000| Complete 
|  11|0x0000000702f00000, 0x0000000703000000, 0x0000000703000000|100%|HC|  |TAMS 0x0000000702f00000, 0x0000000702f00000| Complete 
|  12|0x0000000703000000, 0x0000000703100000, 0x0000000703100000|100%|HC|  |TAMS 0x0000000703000000, 0x0000000703000000| Complete 
|  13|0x0000000703100000, 0x0000000703200000, 0x0000000703200000|100%|HC|  |TAMS 0x0000000703100000, 0x0000000703100000| Complete 
|  14|0x0000000703200000, 0x0000000703300000, 0x0000000703300000|100%|HC|  |TAMS 0x0000000703200000, 0x0000000703200000| Complete 
|  15|0x0000000703300000, 0x0000000703400000, 0x0000000703400000|100%|HC|  |TAMS 0x0000000703300000, 0x0000000703300000| Complete 
|  16|0x0000000703400000, 0x0000000703500000, 0x0000000703500000|100%|HC|  |TAMS 0x0000000703400000, 0x0000000703400000| Complete 
|  17|0x0000000703500000, 0x0000000703600000, 0x0000000703600000|100%|HC|  |TAMS 0x0000000703500000, 0x0000000703500000| Complete 
|  18|0x0000000703600000, 0x0000000703700000, 0x0000000703700000|100%|HC|  |TAMS 0x0000000703600000, 0x0000000703600000| Complete 
|  19|0x0000000703700000, 0x0000000703800000, 0x0000000703800000|100%|HC|  |TAMS 0x0000000703700000, 0x0000000703700000| Complete 
|  20|0x0000000703800000, 0x0000000703900000, 0x0000000703900000|100%|HC|  |TAMS 0x0000000703800000, 0x0000000703800000| Complete 
|  21|0x0000000703900000, 0x0000000703a00000, 0x0000000703a00000|100%|HC|  |TAMS 0x0000000703900000, 0x0000000703900000| Complete 
|  22|0x0000000703a00000, 0x0000000703b00000, 0x0000000703b00000|100%|HC|  |TAMS 0x0000000703a00000, 0x0000000703a00000| Complete 
|  23|0x0000000703b00000, 0x0000000703c00000, 0x0000000703c00000|100%|HS|  |TAMS 0x0000000703b00000, 0x0000000703b00000| Complete 
|  24|0x0000000703c00000, 0x0000000703d00000, 0x0000000703d00000|100%|HC|  |TAMS 0x0000000703c00000, 0x0000000703c00000| Complete 
|  25|0x0000000703d00000, 0x0000000703e00000, 0x0000000703e00000|100%|HC|  |TAMS 0x0000000703d00000, 0x0000000703d00000| Complete 
|  26|0x0000000703e00000, 0x0000000703f00000, 0x0000000703f00000|100%|HC|  |TAMS 0x0000000703e00000, 0x0000000703e00000| Complete 
|  27|0x0000000703f00000, 0x0000000704000000, 0x0000000704000000|100%|HC|  |TAMS 0x0000000703f00000, 0x0000000703f00000| Complete 
|  28|0x0000000704000000, 0x0000000704100000, 0x0000000704100000|100%|HC|  |TAMS 0x0000000704000000, 0x0000000704000000| Complete 
|  29|0x0000000704100000, 0x0000000704200000, 0x0000000704200000|100%|HC|  |TAMS 0x0000000704100000, 0x0000000704100000| Complete 
|  30|0x0000000704200000, 0x0000000704300000, 0x0000000704300000|100%|HC|  |TAMS 0x0000000704200000, 0x0000000704200000| Complete 
|  31|0x0000000704300000, 0x0000000704400000, 0x0000000704400000|100%|HC|  |TAMS 0x0000000704300000, 0x0000000704300000| Complete 
|  32|0x0000000704400000, 0x0000000704500000, 0x0000000704500000|100%|HC|  |TAMS 0x0000000704400000, 0x0000000704400000| Complete 
|  33|0x0000000704500000, 0x0000000704600000, 0x0000000704600000|100%|HC|  |TAMS 0x0000000704500000, 0x0000000704500000| Complete 
|  34|0x0000000704600000, 0x0000000704700000, 0x0000000704700000|100%|HC|  |TAMS 0x0000000704600000, 0x0000000704600000| Complete 
|  35|0x0000000704700000, 0x0000000704800000, 0x0000000704800000|100%|HC|  |TAMS 0x0000000704700000, 0x0000000704700000| Complete 
|  36|0x0000000704800000, 0x0000000704900000, 0x0000000704900000|100%|HC|  |TAMS 0x0000000704800000, 0x0000000704800000| Complete 
|  37|0x0000000704900000, 0x0000000704a00000, 0x0000000704a00000|100%|HC|  |TAMS 0x0000000704900000, 0x0000000704900000| Complete 
|  38|0x0000000704a00000, 0x0000000704b00000, 0x0000000704b00000|100%|HC|  |TAMS 0x0000000704a00000, 0x0000000704a00000| Complete 
|  39|0x0000000704b00000, 0x0000000704c00000, 0x0000000704c00000|100%|HC|  |TAMS 0x0000000704b00000, 0x0000000704b00000| Complete 
|  40|0x0000000704c00000, 0x0000000704d00000, 0x0000000704d00000|100%|HC|  |TAMS 0x0000000704c00000, 0x0000000704c00000| Complete 
|  41|0x0000000704d00000, 0x0000000704e00000, 0x0000000704e00000|100%|HC|  |TAMS 0x0000000704d00000, 0x0000000704d00000| Complete 
|  42|0x0000000704e00000, 0x0000000704f00000, 0x0000000704f00000|100%|HS|  |TAMS 0x0000000704e00000, 0x0000000704e00000| Complete 
|  43|0x0000000704f00000, 0x0000000705000000, 0x0000000705000000|100%|HC|  |TAMS 0x0000000704f00000, 0x0000000704f00000| Complete 
|  44|0x0000000705000000, 0x0000000705100000, 0x0000000705100000|100%|HS|  |TAMS 0x0000000705000000, 0x0000000705000000| Complete 
|  45|0x0000000705100000, 0x0000000705200000, 0x0000000705200000|100%|HC|  |TAMS 0x0000000705100000, 0x0000000705100000| Complete 
|  46|0x0000000705200000, 0x0000000705200000, 0x0000000705300000|  0%| F|  |TAMS 0x0000000705200000, 0x0000000705200000| Untracked 
|  47|0x0000000705300000, 0x0000000705300000, 0x0000000705400000|  0%| F|  |TAMS 0x0000000705300000, 0x0000000705300000| Untracked 
|  48|0x0000000705400000, 0x0000000705400000, 0x0000000705500000|  0%| F|  |TAMS 0x0000000705400000, 0x0000000705400000| Untracked 
|  49|0x0000000705500000, 0x0000000705500000, 0x0000000705600000|  0%| F|  |TAMS 0x0000000705500000, 0x0000000705500000| Untracked 
|  50|0x0000000705600000, 0x0000000705600000, 0x0000000705700000|  0%| F|  |TAMS 0x0000000705600000, 0x0000000705600000| Untracked 
|  51|0x0000000705700000, 0x0000000705700000, 0x0000000705800000|  0%| F|  |TAMS 0x0000000705700000, 0x0000000705700000| Untracked 
|  52|0x0000000705800000, 0x0000000705800000, 0x0000000705900000|  0%| F|  |TAMS 0x0000000705800000, 0x0000000705800000| Untracked 
|  53|0x0000000705900000, 0x0000000705900000, 0x0000000705a00000|  0%| F|  |TAMS 0x0000000705900000, 0x0000000705900000| Untracked 
|  54|0x0000000705a00000, 0x0000000705a00000, 0x0000000705b00000|  0%| F|  |TAMS 0x0000000705a00000, 0x0000000705a00000| Untracked 
|  55|0x0000000705b00000, 0x0000000705b00000, 0x0000000705c00000|  0%| F|  |TAMS 0x0000000705b00000, 0x0000000705b00000| Untracked 
|  56|0x0000000705c00000, 0x0000000705c00000, 0x0000000705d00000|  0%| F|  |TAMS 0x0000000705c00000, 0x0000000705c00000| Untracked 
|  57|0x0000000705d00000, 0x0000000705d00000, 0x0000000705e00000|  0%| F|  |TAMS 0x0000000705d00000, 0x0000000705d00000| Untracked 
|  58|0x0000000705e00000, 0x0000000705e00000, 0x0000000705f00000|  0%| F|  |TAMS 0x0000000705e00000, 0x0000000705e00000| Untracked 
|  59|0x0000000705f00000, 0x0000000705f00000, 0x0000000706000000|  0%| F|  |TAMS 0x0000000705f00000, 0x0000000705f00000| Untracked 
|  60|0x0000000706000000, 0x0000000706000000, 0x0000000706100000|  0%| F|  |TAMS 0x0000000706000000, 0x0000000706000000| Untracked 
|  61|0x0000000706100000, 0x0000000706100000, 0x0000000706200000|  0%| F|  |TAMS 0x0000000706100000, 0x0000000706100000| Untracked 
|  62|0x0000000706200000, 0x0000000706200000, 0x0000000706300000|  0%| F|  |TAMS 0x0000000706200000, 0x0000000706200000| Untracked 
|  63|0x0000000706300000, 0x0000000706300000, 0x0000000706400000|  0%| F|  |TAMS 0x0000000706300000, 0x0000000706300000| Untracked 
|  64|0x0000000706400000, 0x0000000706400000, 0x0000000706500000|  0%| F|  |TAMS 0x0000000706400000, 0x0000000706400000| Untracked 
|  65|0x0000000706500000, 0x0000000706500000, 0x0000000706600000|  0%| F|  |TAMS 0x0000000706500000, 0x0000000706500000| Untracked 
|  66|0x0000000706600000, 0x0000000706600000, 0x0000000706700000|  0%| F|  |TAMS 0x0000000706600000, 0x0000000706600000| Untracked 
|  67|0x0000000706700000, 0x0000000706700000, 0x0000000706800000|  0%| F|  |TAMS 0x0000000706700000, 0x0000000706700000| Untracked 
|  68|0x0000000706800000, 0x0000000706800000, 0x0000000706900000|  0%| F|  |TAMS 0x0000000706800000, 0x0000000706800000| Untracked 
|  69|0x0000000706900000, 0x0000000706900000, 0x0000000706a00000|  0%| F|  |TAMS 0x0000000706900000, 0x0000000706900000| Untracked 
|  70|0x0000000706a00000, 0x0000000706a00000, 0x0000000706b00000|  0%| F|  |TAMS 0x0000000706a00000, 0x0000000706a00000| Untracked 
|  71|0x0000000706b00000, 0x0000000706b00000, 0x0000000706c00000|  0%| F|  |TAMS 0x0000000706b00000, 0x0000000706b00000| Untracked 
|  72|0x0000000706c00000, 0x0000000706c00000, 0x0000000706d00000|  0%| F|  |TAMS 0x0000000706c00000, 0x0000000706c00000| Untracked 
|  73|0x0000000706d00000, 0x0000000706d00000, 0x0000000706e00000|  0%| F|  |TAMS 0x0000000706d00000, 0x0000000706d00000| Untracked 
|  74|0x0000000706e00000, 0x0000000706e00000, 0x0000000706f00000|  0%| F|  |TAMS 0x0000000706e00000, 0x0000000706e00000| Untracked 
|  75|0x0000000706f00000, 0x0000000706f00000, 0x0000000707000000|  0%| F|  |TAMS 0x0000000706f00000, 0x0000000706f00000| Untracked 
|  76|0x0000000707000000, 0x0000000707000000, 0x0000000707100000|  0%| F|  |TAMS 0x0000000707000000, 0x0000000707000000| Untracked 
|  77|0x0000000707100000, 0x0000000707100000, 0x0000000707200000|  0%| F|  |TAMS 0x0000000707100000, 0x0000000707100000| Untracked 
|  78|0x0000000707200000, 0x0000000707200000, 0x0000000707300000|  0%| F|  |TAMS 0x0000000707200000, 0x0000000707200000| Untracked 
|  79|0x0000000707300000, 0x0000000707300000, 0x0000000707400000|  0%| F|  |TAMS 0x0000000707300000, 0x0000000707300000| Untracked 
|  80|0x0000000707400000, 0x0000000707400000, 0x0000000707500000|  0%| F|  |TAMS 0x0000000707400000, 0x0000000707400000| Untracked 
|  81|0x0000000707500000, 0x0000000707500000, 0x0000000707600000|  0%| F|  |TAMS 0x0000000707500000, 0x0000000707500000| Untracked 
|  82|0x0000000707600000, 0x0000000707600000, 0x0000000707700000|  0%| F|  |TAMS 0x0000000707600000, 0x0000000707600000| Untracked 
|  83|0x0000000707700000, 0x0000000707700000, 0x0000000707800000|  0%| F|  |TAMS 0x0000000707700000, 0x0000000707700000| Untracked 
|  84|0x0000000707800000, 0x0000000707800000, 0x0000000707900000|  0%| F|  |TAMS 0x0000000707800000, 0x0000000707800000| Untracked 
|  85|0x0000000707900000, 0x0000000707900000, 0x0000000707a00000|  0%| F|  |TAMS 0x0000000707900000, 0x0000000707900000| Untracked 
|  86|0x0000000707a00000, 0x0000000707a00000, 0x0000000707b00000|  0%| F|  |TAMS 0x0000000707a00000, 0x0000000707a00000| Untracked 
|  87|0x0000000707b00000, 0x0000000707b00000, 0x0000000707c00000|  0%| F|  |TAMS 0x0000000707b00000, 0x0000000707b00000| Untracked 
|  88|0x0000000707c00000, 0x0000000707c00000, 0x0000000707d00000|  0%| F|  |TAMS 0x0000000707c00000, 0x0000000707c00000| Untracked 
|  89|0x0000000707d00000, 0x0000000707d00000, 0x0000000707e00000|  0%| F|  |TAMS 0x0000000707d00000, 0x0000000707d00000| Untracked 
|  90|0x0000000707e00000, 0x0000000707e00000, 0x0000000707f00000|  0%| F|  |TAMS 0x0000000707e00000, 0x0000000707e00000| Untracked 
|  91|0x0000000707f00000, 0x0000000707f00000, 0x0000000708000000|  0%| F|  |TAMS 0x0000000707f00000, 0x0000000707f00000| Untracked 
|  92|0x0000000708000000, 0x0000000708000000, 0x0000000708100000|  0%| F|  |TAMS 0x0000000708000000, 0x0000000708000000| Untracked 
|  93|0x0000000708100000, 0x0000000708100000, 0x0000000708200000|  0%| F|  |TAMS 0x0000000708100000, 0x0000000708100000| Untracked 
|  94|0x0000000708200000, 0x0000000708200000, 0x0000000708300000|  0%| F|  |TAMS 0x0000000708200000, 0x0000000708200000| Untracked 
|  95|0x0000000708300000, 0x0000000708300000, 0x0000000708400000|  0%| F|  |TAMS 0x0000000708300000, 0x0000000708300000| Untracked 
|  96|0x0000000708400000, 0x0000000708400000, 0x0000000708500000|  0%| F|  |TAMS 0x0000000708400000, 0x0000000708400000| Untracked 
|  97|0x0000000708500000, 0x0000000708500000, 0x0000000708600000|  0%| F|  |TAMS 0x0000000708500000, 0x0000000708500000| Untracked 
|  98|0x0000000708600000, 0x0000000708600000, 0x0000000708700000|  0%| F|  |TAMS 0x0000000708600000, 0x0000000708600000| Untracked 
|  99|0x0000000708700000, 0x0000000708700000, 0x0000000708800000|  0%| F|  |TAMS 0x0000000708700000, 0x0000000708700000| Untracked 
| 100|0x0000000708800000, 0x0000000708800000, 0x0000000708900000|  0%| F|  |TAMS 0x0000000708800000, 0x0000000708800000| Untracked 
| 101|0x0000000708900000, 0x0000000708900000, 0x0000000708a00000|  0%| F|  |TAMS 0x0000000708900000, 0x0000000708900000| Untracked 
| 102|0x0000000708a00000, 0x0000000708a00000, 0x0000000708b00000|  0%| F|  |TAMS 0x0000000708a00000, 0x0000000708a00000| Untracked 
| 103|0x0000000708b00000, 0x0000000708b00000, 0x0000000708c00000|  0%| F|  |TAMS 0x0000000708b00000, 0x0000000708b00000| Untracked 
| 104|0x0000000708c00000, 0x0000000708c00000, 0x0000000708d00000|  0%| F|  |TAMS 0x0000000708c00000, 0x0000000708c00000| Untracked 
| 105|0x0000000708d00000, 0x0000000708d00000, 0x0000000708e00000|  0%| F|  |TAMS 0x0000000708d00000, 0x0000000708d00000| Untracked 
| 106|0x0000000708e00000, 0x0000000708e00000, 0x0000000708f00000|  0%| F|  |TAMS 0x0000000708e00000, 0x0000000708e00000| Untracked 
| 107|0x0000000708f00000, 0x0000000708f00000, 0x0000000709000000|  0%| F|  |TAMS 0x0000000708f00000, 0x0000000708f00000| Untracked 
| 108|0x0000000709000000, 0x0000000709000000, 0x0000000709100000|  0%| F|  |TAMS 0x0000000709000000, 0x0000000709000000| Untracked 
| 109|0x0000000709100000, 0x0000000709100000, 0x0000000709200000|  0%| F|  |TAMS 0x0000000709100000, 0x0000000709100000| Untracked 
| 110|0x0000000709200000, 0x0000000709200000, 0x0000000709300000|  0%| F|  |TAMS 0x0000000709200000, 0x0000000709200000| Untracked 
| 111|0x0000000709300000, 0x0000000709300000, 0x0000000709400000|  0%| F|  |TAMS 0x0000000709300000, 0x0000000709300000| Untracked 
| 112|0x0000000709400000, 0x0000000709400000, 0x0000000709500000|  0%| F|  |TAMS 0x0000000709400000, 0x0000000709400000| Untracked 
| 113|0x0000000709500000, 0x0000000709500000, 0x0000000709600000|  0%| F|  |TAMS 0x0000000709500000, 0x0000000709500000| Untracked 
| 114|0x0000000709600000, 0x0000000709600000, 0x0000000709700000|  0%| F|  |TAMS 0x0000000709600000, 0x0000000709600000| Untracked 
| 115|0x0000000709700000, 0x0000000709700000, 0x0000000709800000|  0%| F|  |TAMS 0x0000000709700000, 0x0000000709700000| Untracked 
| 116|0x0000000709800000, 0x0000000709800000, 0x0000000709900000|  0%| F|  |TAMS 0x0000000709800000, 0x0000000709800000| Untracked 
| 117|0x0000000709900000, 0x0000000709900000, 0x0000000709a00000|  0%| F|  |TAMS 0x0000000709900000, 0x0000000709900000| Untracked 
| 118|0x0000000709a00000, 0x0000000709a00000, 0x0000000709b00000|  0%| F|  |TAMS 0x0000000709a00000, 0x0000000709a00000| Untracked 
| 119|0x0000000709b00000, 0x0000000709b00000, 0x0000000709c00000|  0%| F|  |TAMS 0x0000000709b00000, 0x0000000709b00000| Untracked 
| 120|0x0000000709c00000, 0x0000000709c00000, 0x0000000709d00000|  0%| F|  |TAMS 0x0000000709c00000, 0x0000000709c00000| Untracked 
| 121|0x0000000709d00000, 0x0000000709d00000, 0x0000000709e00000|  0%| F|  |TAMS 0x0000000709d00000, 0x0000000709d00000| Untracked 
| 122|0x0000000709e00000, 0x0000000709e00000, 0x0000000709f00000|  0%| F|  |TAMS 0x0000000709e00000, 0x0000000709e00000| Untracked 
| 123|0x0000000709f00000, 0x0000000709f00000, 0x000000070a000000|  0%| F|  |TAMS 0x0000000709f00000, 0x0000000709f00000| Untracked 
| 124|0x000000070a000000, 0x000000070a000000, 0x000000070a100000|  0%| F|  |TAMS 0x000000070a000000, 0x000000070a000000| Untracked 
| 125|0x000000070a100000, 0x000000070a100000, 0x000000070a200000|  0%| F|  |TAMS 0x000000070a100000, 0x000000070a100000| Untracked 
| 126|0x000000070a200000, 0x000000070a200000, 0x000000070a300000|  0%| F|  |TAMS 0x000000070a200000, 0x000000070a200000| Untracked 
| 127|0x000000070a300000, 0x000000070a300000, 0x000000070a400000|  0%| F|  |TAMS 0x000000070a300000, 0x000000070a300000| Untracked 
| 128|0x000000070a400000, 0x000000070a400000, 0x000000070a500000|  0%| F|  |TAMS 0x000000070a400000, 0x000000070a400000| Untracked 
| 129|0x000000070a500000, 0x000000070a500000, 0x000000070a600000|  0%| F|  |TAMS 0x000000070a500000, 0x000000070a500000| Untracked 
| 130|0x000000070a600000, 0x000000070a600000, 0x000000070a700000|  0%| F|  |TAMS 0x000000070a600000, 0x000000070a600000| Untracked 
| 131|0x000000070a700000, 0x000000070a700000, 0x000000070a800000|  0%| F|  |TAMS 0x000000070a700000, 0x000000070a700000| Untracked 
| 132|0x000000070a800000, 0x000000070a800000, 0x000000070a900000|  0%| F|  |TAMS 0x000000070a800000, 0x000000070a800000| Untracked 
| 133|0x000000070a900000, 0x000000070a900000, 0x000000070aa00000|  0%| F|  |TAMS 0x000000070a900000, 0x000000070a900000| Untracked 
| 134|0x000000070aa00000, 0x000000070aa00000, 0x000000070ab00000|  0%| F|  |TAMS 0x000000070aa00000, 0x000000070aa00000| Untracked 
| 135|0x000000070ab00000, 0x000000070ab00000, 0x000000070ac00000|  0%| F|  |TAMS 0x000000070ab00000, 0x000000070ab00000| Untracked 
| 136|0x000000070ac00000, 0x000000070ac00000, 0x000000070ad00000|  0%| F|  |TAMS 0x000000070ac00000, 0x000000070ac00000| Untracked 
| 137|0x000000070ad00000, 0x000000070ad00000, 0x000000070ae00000|  0%| F|  |TAMS 0x000000070ad00000, 0x000000070ad00000| Untracked 
| 138|0x000000070ae00000, 0x000000070ae00000, 0x000000070af00000|  0%| F|  |TAMS 0x000000070ae00000, 0x000000070ae00000| Untracked 
| 139|0x000000070af00000, 0x000000070af00000, 0x000000070b000000|  0%| F|  |TAMS 0x000000070af00000, 0x000000070af00000| Untracked 
| 140|0x000000070b000000, 0x000000070b000000, 0x000000070b100000|  0%| F|  |TAMS 0x000000070b000000, 0x000000070b000000| Untracked 
| 141|0x000000070b100000, 0x000000070b100000, 0x000000070b200000|  0%| F|  |TAMS 0x000000070b100000, 0x000000070b100000| Untracked 
| 142|0x000000070b200000, 0x000000070b200000, 0x000000070b300000|  0%| F|  |TAMS 0x000000070b200000, 0x000000070b200000| Untracked 
| 143|0x000000070b300000, 0x000000070b300000, 0x000000070b400000|  0%| F|  |TAMS 0x000000070b300000, 0x000000070b300000| Untracked 
| 144|0x000000070b400000, 0x000000070b400000, 0x000000070b500000|  0%| F|  |TAMS 0x000000070b400000, 0x000000070b400000| Untracked 
| 145|0x000000070b500000, 0x000000070b500000, 0x000000070b600000|  0%| F|  |TAMS 0x000000070b500000, 0x000000070b500000| Untracked 
| 146|0x000000070b600000, 0x000000070b600000, 0x000000070b700000|  0%| F|  |TAMS 0x000000070b600000, 0x000000070b600000| Untracked 
| 147|0x000000070b700000, 0x000000070b700000, 0x000000070b800000|  0%| F|  |TAMS 0x000000070b700000, 0x000000070b700000| Untracked 
| 148|0x000000070b800000, 0x000000070b800000, 0x000000070b900000|  0%| F|  |TAMS 0x000000070b800000, 0x000000070b800000| Untracked 
| 149|0x000000070b900000, 0x000000070b900000, 0x000000070ba00000|  0%| F|  |TAMS 0x000000070b900000, 0x000000070b900000| Untracked 
| 150|0x000000070ba00000, 0x000000070ba00000, 0x000000070bb00000|  0%| F|  |TAMS 0x000000070ba00000, 0x000000070ba00000| Untracked 
| 151|0x000000070bb00000, 0x000000070bb00000, 0x000000070bc00000|  0%| F|  |TAMS 0x000000070bb00000, 0x000000070bb00000| Untracked 
| 152|0x000000070bc00000, 0x000000070bc00000, 0x000000070bd00000|  0%| F|  |TAMS 0x000000070bc00000, 0x000000070bc00000| Untracked 
| 153|0x000000070bd00000, 0x000000070bd00000, 0x000000070be00000|  0%| F|  |TAMS 0x000000070bd00000, 0x000000070bd00000| Untracked 
| 154|0x000000070be00000, 0x000000070be00000, 0x000000070bf00000|  0%| F|  |TAMS 0x000000070be00000, 0x000000070be00000| Untracked 
| 155|0x000000070bf00000, 0x000000070bf00000, 0x000000070c000000|  0%| F|  |TAMS 0x000000070bf00000, 0x000000070bf00000| Untracked 
| 156|0x000000070c000000, 0x000000070c000000, 0x000000070c100000|  0%| F|  |TAMS 0x000000070c000000, 0x000000070c000000| Untracked 
| 157|0x000000070c100000, 0x000000070c100000, 0x000000070c200000|  0%| F|  |TAMS 0x000000070c100000, 0x000000070c100000| Untracked 
| 158|0x000000070c200000, 0x000000070c200000, 0x000000070c300000|  0%| F|  |TAMS 0x000000070c200000, 0x000000070c200000| Untracked 
| 159|0x000000070c300000, 0x000000070c300000, 0x000000070c400000|  0%| F|  |TAMS 0x000000070c300000, 0x000000070c300000| Untracked 
| 160|0x000000070c400000, 0x000000070c400000, 0x000000070c500000|  0%| F|  |TAMS 0x000000070c400000, 0x000000070c400000| Untracked 
| 161|0x000000070c500000, 0x000000070c500000, 0x000000070c600000|  0%| F|  |TAMS 0x000000070c500000, 0x000000070c500000| Untracked 
| 162|0x000000070c600000, 0x000000070c600000, 0x000000070c700000|  0%| F|  |TAMS 0x000000070c600000, 0x000000070c600000| Untracked 
| 163|0x000000070c700000, 0x000000070c700000, 0x000000070c800000|  0%| F|  |TAMS 0x000000070c700000, 0x000000070c700000| Untracked 
| 164|0x000000070c800000, 0x000000070c800000, 0x000000070c900000|  0%| F|  |TAMS 0x000000070c800000, 0x000000070c800000| Untracked 
| 165|0x000000070c900000, 0x000000070c900000, 0x000000070ca00000|  0%| F|  |TAMS 0x000000070c900000, 0x000000070c900000| Untracked 
| 166|0x000000070ca00000, 0x000000070ca00000, 0x000000070cb00000|  0%| F|  |TAMS 0x000000070ca00000, 0x000000070ca00000| Untracked 
| 167|0x000000070cb00000, 0x000000070cb00000, 0x000000070cc00000|  0%| F|  |TAMS 0x000000070cb00000, 0x000000070cb00000| Untracked 
| 168|0x000000070cc00000, 0x000000070cc00000, 0x000000070cd00000|  0%| F|  |TAMS 0x000000070cc00000, 0x000000070cc00000| Untracked 
| 169|0x000000070cd00000, 0x000000070cd00000, 0x000000070ce00000|  0%| F|  |TAMS 0x000000070cd00000, 0x000000070cd00000| Untracked 
| 170|0x000000070ce00000, 0x000000070ce00000, 0x000000070cf00000|  0%| F|  |TAMS 0x000000070ce00000, 0x000000070ce00000| Untracked 
| 171|0x000000070cf00000, 0x000000070cf00000, 0x000000070d000000|  0%| F|  |TAMS 0x000000070cf00000, 0x000000070cf00000| Untracked 
| 172|0x000000070d000000, 0x000000070d000000, 0x000000070d100000|  0%| F|  |TAMS 0x000000070d000000, 0x000000070d000000| Untracked 
| 173|0x000000070d100000, 0x000000070d100000, 0x000000070d200000|  0%| F|  |TAMS 0x000000070d100000, 0x000000070d100000| Untracked 
| 174|0x000000070d200000, 0x000000070d200000, 0x000000070d300000|  0%| F|  |TAMS 0x000000070d200000, 0x000000070d200000| Untracked 
| 175|0x000000070d300000, 0x000000070d300000, 0x000000070d400000|  0%| F|  |TAMS 0x000000070d300000, 0x000000070d300000| Untracked 
| 176|0x000000070d400000, 0x000000070d400000, 0x000000070d500000|  0%| F|  |TAMS 0x000000070d400000, 0x000000070d400000| Untracked 
| 177|0x000000070d500000, 0x000000070d500000, 0x000000070d600000|  0%| F|  |TAMS 0x000000070d500000, 0x000000070d500000| Untracked 
| 178|0x000000070d600000, 0x000000070d600000, 0x000000070d700000|  0%| F|  |TAMS 0x000000070d600000, 0x000000070d600000| Untracked 
| 179|0x000000070d700000, 0x000000070d700000, 0x000000070d800000|  0%| F|  |TAMS 0x000000070d700000, 0x000000070d700000| Untracked 
| 180|0x000000070d800000, 0x000000070d800000, 0x000000070d900000|  0%| F|  |TAMS 0x000000070d800000, 0x000000070d800000| Untracked 
| 181|0x000000070d900000, 0x000000070d900000, 0x000000070da00000|  0%| F|  |TAMS 0x000000070d900000, 0x000000070d900000| Untracked 
| 182|0x000000070da00000, 0x000000070da00000, 0x000000070db00000|  0%| F|  |TAMS 0x000000070da00000, 0x000000070da00000| Untracked 
| 183|0x000000070db00000, 0x000000070db00000, 0x000000070dc00000|  0%| F|  |TAMS 0x000000070db00000, 0x000000070db00000| Untracked 
| 184|0x000000070dc00000, 0x000000070dc00000, 0x000000070dd00000|  0%| F|  |TAMS 0x000000070dc00000, 0x000000070dc00000| Untracked 
| 185|0x000000070dd00000, 0x000000070dd00000, 0x000000070de00000|  0%| F|  |TAMS 0x000000070dd00000, 0x000000070dd00000| Untracked 
| 186|0x000000070de00000, 0x000000070de00000, 0x000000070df00000|  0%| F|  |TAMS 0x000000070de00000, 0x000000070de00000| Untracked 
| 187|0x000000070df00000, 0x000000070df00000, 0x000000070e000000|  0%| F|  |TAMS 0x000000070df00000, 0x000000070df00000| Untracked 
| 188|0x000000070e000000, 0x000000070e000000, 0x000000070e100000|  0%| F|  |TAMS 0x000000070e000000, 0x000000070e000000| Untracked 
| 189|0x000000070e100000, 0x000000070e100000, 0x000000070e200000|  0%| F|  |TAMS 0x000000070e100000, 0x000000070e100000| Untracked 
| 190|0x000000070e200000, 0x000000070e200000, 0x000000070e300000|  0%| F|  |TAMS 0x000000070e200000, 0x000000070e200000| Untracked 
| 191|0x000000070e300000, 0x000000070e300000, 0x000000070e400000|  0%| F|  |TAMS 0x000000070e300000, 0x000000070e300000| Untracked 
| 192|0x000000070e400000, 0x000000070e400000, 0x000000070e500000|  0%| F|  |TAMS 0x000000070e400000, 0x000000070e400000| Untracked 
| 193|0x000000070e500000, 0x000000070e500000, 0x000000070e600000|  0%| F|  |TAMS 0x000000070e500000, 0x000000070e500000| Untracked 
| 194|0x000000070e600000, 0x000000070e600000, 0x000000070e700000|  0%| F|  |TAMS 0x000000070e600000, 0x000000070e600000| Untracked 
| 195|0x000000070e700000, 0x000000070e700000, 0x000000070e800000|  0%| F|  |TAMS 0x000000070e700000, 0x000000070e700000| Untracked 
| 196|0x000000070e800000, 0x000000070e800000, 0x000000070e900000|  0%| F|  |TAMS 0x000000070e800000, 0x000000070e800000| Untracked 
| 197|0x000000070e900000, 0x000000070e900000, 0x000000070ea00000|  0%| F|  |TAMS 0x000000070e900000, 0x000000070e900000| Untracked 
| 198|0x000000070ea00000, 0x000000070ea00000, 0x000000070eb00000|  0%| F|  |TAMS 0x000000070ea00000, 0x000000070ea00000| Untracked 
| 199|0x000000070eb00000, 0x000000070eb00000, 0x000000070ec00000|  0%| F|  |TAMS 0x000000070eb00000, 0x000000070eb00000| Untracked 
| 200|0x000000070ec00000, 0x000000070ec00000, 0x000000070ed00000|  0%| F|  |TAMS 0x000000070ec00000, 0x000000070ec00000| Untracked 
| 201|0x000000070ed00000, 0x000000070ed00000, 0x000000070ee00000|  0%| F|  |TAMS 0x000000070ed00000, 0x000000070ed00000| Untracked 
| 202|0x000000070ee00000, 0x000000070ee00000, 0x000000070ef00000|  0%| F|  |TAMS 0x000000070ee00000, 0x000000070ee00000| Untracked 
| 203|0x000000070ef00000, 0x000000070ef00000, 0x000000070f000000|  0%| F|  |TAMS 0x000000070ef00000, 0x000000070ef00000| Untracked 
| 204|0x000000070f000000, 0x000000070f000000, 0x000000070f100000|  0%| F|  |TAMS 0x000000070f000000, 0x000000070f000000| Untracked 
| 205|0x000000070f100000, 0x000000070f100000, 0x000000070f200000|  0%| F|  |TAMS 0x000000070f100000, 0x000000070f100000| Untracked 
| 206|0x000000070f200000, 0x000000070f200000, 0x000000070f300000|  0%| F|  |TAMS 0x000000070f200000, 0x000000070f200000| Untracked 
| 207|0x000000070f300000, 0x000000070f300000, 0x000000070f400000|  0%| F|  |TAMS 0x000000070f300000, 0x000000070f300000| Untracked 
| 208|0x000000070f400000, 0x000000070f400000, 0x000000070f500000|  0%| F|  |TAMS 0x000000070f400000, 0x000000070f400000| Untracked 
| 209|0x000000070f500000, 0x000000070f500000, 0x000000070f600000|  0%| F|  |TAMS 0x000000070f500000, 0x000000070f500000| Untracked 
| 210|0x000000070f600000, 0x000000070f600000, 0x000000070f700000|  0%| F|  |TAMS 0x000000070f600000, 0x000000070f600000| Untracked 
| 211|0x000000070f700000, 0x000000070f700000, 0x000000070f800000|  0%| F|  |TAMS 0x000000070f700000, 0x000000070f700000| Untracked 
| 212|0x000000070f800000, 0x000000070f800000, 0x000000070f900000|  0%| F|  |TAMS 0x000000070f800000, 0x000000070f800000| Untracked 
| 213|0x000000070f900000, 0x000000070f900000, 0x000000070fa00000|  0%| F|  |TAMS 0x000000070f900000, 0x000000070f900000| Untracked 
| 214|0x000000070fa00000, 0x000000070fa00000, 0x000000070fb00000|  0%| F|  |TAMS 0x000000070fa00000, 0x000000070fa00000| Untracked 
| 215|0x000000070fb00000, 0x000000070fb00000, 0x000000070fc00000|  0%| F|  |TAMS 0x000000070fb00000, 0x000000070fb00000| Untracked 
| 216|0x000000070fc00000, 0x000000070fc00000, 0x000000070fd00000|  0%| F|  |TAMS 0x000000070fc00000, 0x000000070fc00000| Untracked 
| 217|0x000000070fd00000, 0x000000070fd00000, 0x000000070fe00000|  0%| F|  |TAMS 0x000000070fd00000, 0x000000070fd00000| Untracked 
| 218|0x000000070fe00000, 0x000000070fe00000, 0x000000070ff00000|  0%| F|  |TAMS 0x000000070fe00000, 0x000000070fe00000| Untracked 
| 219|0x000000070ff00000, 0x000000070ff00000, 0x0000000710000000|  0%| F|  |TAMS 0x000000070ff00000, 0x000000070ff00000| Untracked 
| 220|0x0000000710000000, 0x0000000710000000, 0x0000000710100000|  0%| F|  |TAMS 0x0000000710000000, 0x0000000710000000| Untracked 
| 221|0x0000000710100000, 0x0000000710100000, 0x0000000710200000|  0%| F|  |TAMS 0x0000000710100000, 0x0000000710100000| Untracked 
| 222|0x0000000710200000, 0x0000000710200000, 0x0000000710300000|  0%| F|  |TAMS 0x0000000710200000, 0x0000000710200000| Untracked 
| 223|0x0000000710300000, 0x0000000710300000, 0x0000000710400000|  0%| F|  |TAMS 0x0000000710300000, 0x0000000710300000| Untracked 
| 224|0x0000000710400000, 0x0000000710400000, 0x0000000710500000|  0%| F|  |TAMS 0x0000000710400000, 0x0000000710400000| Untracked 
| 225|0x0000000710500000, 0x0000000710500000, 0x0000000710600000|  0%| F|  |TAMS 0x0000000710500000, 0x0000000710500000| Untracked 
| 226|0x0000000710600000, 0x0000000710600000, 0x0000000710700000|  0%| F|  |TAMS 0x0000000710600000, 0x0000000710600000| Untracked 
| 227|0x0000000710700000, 0x0000000710700000, 0x0000000710800000|  0%| F|  |TAMS 0x0000000710700000, 0x0000000710700000| Untracked 
| 228|0x0000000710800000, 0x0000000710800000, 0x0000000710900000|  0%| F|  |TAMS 0x0000000710800000, 0x0000000710800000| Untracked 
| 229|0x0000000710900000, 0x0000000710900000, 0x0000000710a00000|  0%| F|  |TAMS 0x0000000710900000, 0x0000000710900000| Untracked 
| 230|0x0000000710a00000, 0x0000000710a00000, 0x0000000710b00000|  0%| F|  |TAMS 0x0000000710a00000, 0x0000000710a00000| Untracked 
| 231|0x0000000710b00000, 0x0000000710b00000, 0x0000000710c00000|  0%| F|  |TAMS 0x0000000710b00000, 0x0000000710b00000| Untracked 
| 232|0x0000000710c00000, 0x0000000710c00000, 0x0000000710d00000|  0%| F|  |TAMS 0x0000000710c00000, 0x0000000710c00000| Untracked 
| 233|0x0000000710d00000, 0x0000000710d00000, 0x0000000710e00000|  0%| F|  |TAMS 0x0000000710d00000, 0x0000000710d00000| Untracked 
| 234|0x0000000710e00000, 0x0000000710e00000, 0x0000000710f00000|  0%| F|  |TAMS 0x0000000710e00000, 0x0000000710e00000| Untracked 
| 235|0x0000000710f00000, 0x0000000710f00000, 0x0000000711000000|  0%| F|  |TAMS 0x0000000710f00000, 0x0000000710f00000| Untracked 
| 236|0x0000000711000000, 0x0000000711000000, 0x0000000711100000|  0%| F|  |TAMS 0x0000000711000000, 0x0000000711000000| Untracked 
| 237|0x0000000711100000, 0x0000000711100000, 0x0000000711200000|  0%| F|  |TAMS 0x0000000711100000, 0x0000000711100000| Untracked 
| 238|0x0000000711200000, 0x0000000711200000, 0x0000000711300000|  0%| F|  |TAMS 0x0000000711200000, 0x0000000711200000| Untracked 
| 239|0x0000000711300000, 0x0000000711300000, 0x0000000711400000|  0%| F|  |TAMS 0x0000000711300000, 0x0000000711300000| Untracked 
| 240|0x0000000711400000, 0x0000000711400000, 0x0000000711500000|  0%| F|  |TAMS 0x0000000711400000, 0x0000000711400000| Untracked 
| 241|0x0000000711500000, 0x0000000711500000, 0x0000000711600000|  0%| F|  |TAMS 0x0000000711500000, 0x0000000711500000| Untracked 
| 242|0x0000000711600000, 0x0000000711600000, 0x0000000711700000|  0%| F|  |TAMS 0x0000000711600000, 0x0000000711600000| Untracked 
| 243|0x0000000711700000, 0x0000000711700000, 0x0000000711800000|  0%| F|  |TAMS 0x0000000711700000, 0x0000000711700000| Untracked 
| 244|0x0000000711800000, 0x0000000711800000, 0x0000000711900000|  0%| F|  |TAMS 0x0000000711800000, 0x0000000711800000| Untracked 
| 245|0x0000000711900000, 0x0000000711900000, 0x0000000711a00000|  0%| F|  |TAMS 0x0000000711900000, 0x0000000711900000| Untracked 
| 246|0x0000000711a00000, 0x0000000711a00000, 0x0000000711b00000|  0%| F|  |TAMS 0x0000000711a00000, 0x0000000711a00000| Untracked 
| 247|0x0000000711b00000, 0x0000000711b00000, 0x0000000711c00000|  0%| F|  |TAMS 0x0000000711b00000, 0x0000000711b00000| Untracked 
| 248|0x0000000711c00000, 0x0000000711c00000, 0x0000000711d00000|  0%| F|  |TAMS 0x0000000711c00000, 0x0000000711c00000| Untracked 
| 249|0x0000000711d00000, 0x0000000711d7b990, 0x0000000711e00000| 48%| E|  |TAMS 0x0000000711d00000, 0x0000000711d00000| Complete 
| 250|0x0000000711e00000, 0x0000000711f00000, 0x0000000711f00000|100%| E|CS|TAMS 0x0000000711e00000, 0x0000000711e00000| Complete 
| 251|0x0000000711f00000, 0x0000000712000000, 0x0000000712000000|100%| E|CS|TAMS 0x0000000711f00000, 0x0000000711f00000| Complete 
| 252|0x0000000712000000, 0x0000000712100000, 0x0000000712100000|100%| E|CS|TAMS 0x0000000712000000, 0x0000000712000000| Complete 
| 253|0x0000000712100000, 0x0000000712200000, 0x0000000712200000|100%| E|CS|TAMS 0x0000000712100000, 0x0000000712100000| Complete 

Card table byte_map: [0x0000023c21450000,0x0000023c21c40000] _byte_map_base: 0x0000023c1dc3e000

Marking Bits (Prev, Next): (CMBitMap*) 0x0000023c09362068, (CMBitMap*) 0x0000023c093620a8
 Prev Bits: [0x0000023c22430000, 0x0000023c263a0000)
 Next Bits: [0x0000023c263a0000, 0x0000023c2a310000)

Polling page: 0x0000023c07270000

Metaspace:

Usage:
  Non-class:      4.13 MB capacity,     1.04 MB ( 25%) used,     3.08 MB ( 75%) free+waste,     3.13 KB ( <1%) overhead. 
      Class:    416.00 KB capacity,   106.01 KB ( 25%) used,   308.12 KB ( 74%) free+waste,     1.88 KB ( <1%) overhead. 
       Both:      4.53 MB capacity,     1.15 MB ( 25%) used,     3.38 MB ( 75%) free+waste,     5.00 KB ( <1%) overhead. 

Virtual space:
  Non-class space:        8.00 MB reserved,       4.25 MB ( 53%) committed 
      Class space:        1.00 GB reserved,     512.00 KB ( <1%) committed 
             Both:        1.01 GB reserved,       4.75 MB ( <1%) committed 

Chunk freelists:
   Non-Class:  0 bytes
       Class:  0 bytes
        Both:  0 bytes

CodeHeap 'non-profiled nmethods': size=120000Kb used=104Kb max_used=104Kb free=119895Kb
 bounds [0x0000023c191d0000, 0x0000023c19440000, 0x0000023c20700000]
CodeHeap 'profiled nmethods': size=120000Kb used=429Kb max_used=429Kb free=119570Kb
 bounds [0x0000023c11ca0000, 0x0000023c11f10000, 0x0000023c191d0000]
CodeHeap 'non-nmethods': size=5760Kb used=1083Kb max_used=1095Kb free=4676Kb
 bounds [0x0000023c11700000, 0x0000023c11970000, 0x0000023c11ca0000]
 total_blobs=771 nmethods=317 adapters=281
 compilation: enabled
              stopped_count=0, restarted_count=0
 full_count=0

Compilation events (10 events):
Event: 4.585 Thread 0x0000023c2d94c000  312       3       java.lang.Long::<init> (10 bytes)
Event: 4.585 Thread 0x0000023c2d94c000 nmethod 312 0x0000023c11d07a10 code [0x0000023c11d07be0, 0x0000023c11d07e18]
Event: 4.585 Thread 0x0000023c2d94c000  314       3       sun.invoke.util.Wrapper::hashPrim (30 bytes)
Event: 4.585 Thread 0x0000023c2d94c000 nmethod 314 0x0000023c11d07f10 code [0x0000023c11d081c0, 0x0000023c11d08e30]
Event: 4.585 Thread 0x0000023c2d94c000  313       1       java.lang.invoke.LambdaForm$BasicType::basicTypeClass (5 bytes)
Event: 4.585 Thread 0x0000023c2d94c000 nmethod 313 0x0000023c191e9e90 code [0x0000023c191ea040, 0x0000023c191ea178]
Event: 4.585 Thread 0x0000023c2d94c000  316       3       java.lang.invoke.MemberName::getMethodOrFieldType (72 bytes)
Event: 4.586 Thread 0x0000023c2d94c000 nmethod 316 0x0000023c11d09310 code [0x0000023c11d09680, 0x0000023c11d0aa90]
Event: 4.586 Thread 0x0000023c2d94c000  317       3       java.lang.invoke.LambdaForm$Name::initIndex (26 bytes)
Event: 4.586 Thread 0x0000023c2d94c000 nmethod 317 0x0000023c11d0b110 code [0x0000023c11d0b2c0, 0x0000023c11d0b4d8]

GC Heap History (0 events):
No events

Deoptimization events (10 events):
Event: 0.115 Thread 0x0000023c092f9000 Uncommon trap: reason=class_check action=maybe_recompile pc=0x0000023c191ddb74 method=java.util.HashMap.putVal(ILjava/lang/Object;Ljava/lang/Object;ZZ)Ljava/lang/Object; @ 152 c2
Event: 0.135 Thread 0x0000023c092f9000 Uncommon trap: reason=unstable_if action=reinterpret pc=0x0000023c191dd024 method=java.lang.String.isLatin1()Z @ 10 c2
Event: 0.176 Thread 0x0000023c092f9000 Uncommon trap: reason=unstable_if action=reinterpret pc=0x0000023c191de9f0 method=com.company.Matrix.<init>(III)V @ 33 c2
Event: 1.379 Thread 0x0000023c2d943000 Uncommon trap: reason=class_check action=maybe_recompile pc=0x0000023c191ddb74 method=java.util.HashMap.putVal(ILjava/lang/Object;Ljava/lang/Object;ZZ)Ljava/lang/Object; @ 152 c2
Event: 1.379 Thread 0x0000023c2d943000 Uncommon trap: reason=class_check action=maybe_recompile pc=0x0000023c191ddb74 method=java.util.HashMap.putVal(ILjava/lang/Object;Ljava/lang/Object;ZZ)Ljava/lang/Object; @ 152 c2
Event: 1.379 Thread 0x0000023c2d943000 Uncommon trap: reason=class_check action=maybe_recompile pc=0x0000023c191ddb74 method=java.util.HashMap.putVal(ILjava/lang/Object;Ljava/lang/Object;ZZ)Ljava/lang/Object; @ 152 c2
Event: 4.580 Thread 0x0000023c092f9000 Uncommon trap: reason=bimorphic_or_optimized_type_check action=maybe_recompile pc=0x0000023c191d9c44 method=java.util.AbstractCollection.isEmpty()Z @ 1 c2
Event: 4.580 Thread 0x0000023c092f9000 Uncommon trap: reason=bimorphic_or_optimized_type_check action=maybe_recompile pc=0x0000023c191d9c44 method=java.util.AbstractCollection.isEmpty()Z @ 1 c2
Event: 4.581 Thread 0x0000023c092f9000 Uncommon trap: reason=bimorphic_or_optimized_type_check action=maybe_recompile pc=0x0000023c191d9c44 method=java.util.AbstractCollection.isEmpty()Z @ 1 c2
Event: 4.582 Thread 0x0000023c092f9000 Uncommon trap: reason=bimorphic_or_optimized_type_check action=maybe_recompile pc=0x0000023c191d9c44 method=java.util.AbstractCollection.isEmpty()Z @ 1 c2

Classes redefined (0 events):
No events

Internal exceptions (0 events):
No events

Events (10 events):
Event: 4.582 Thread 0x0000023c092f9000 DEOPT PACKING pc=0x0000023c191d9c44 sp=0x000000e03bafe0d0
Event: 4.582 Thread 0x0000023c092f9000 DEOPT UNPACKING pc=0x0000023c11729c2f sp=0x000000e03bafe060 mode 2
Event: 4.582 loading class java/lang/invoke/BoundMethodHandle$Species_LLLL
Event: 4.582 loading class java/lang/invoke/BoundMethodHandle$Species_LLLL done
Event: 4.583 loading class java/lang/invoke/BoundMethodHandle$Species_LLLLL
Event: 4.583 loading class java/lang/invoke/BoundMethodHandle$Species_LLLLL done
Event: 4.584 loading class java/lang/invoke/BoundMethodHandle$Species_LLLLLL
Event: 4.584 loading class java/lang/invoke/BoundMethodHandle$Species_LLLLLL done
Event: 4.585 loading class java/lang/invoke/BoundMethodHandle$Species_LLLLLLJ
Event: 4.585 loading class java/lang/invoke/BoundMethodHandle$Species_LLLLLLJ done


Dynamic libraries:
0x00007ff66da90000 - 0x00007ff66da9f000 	C:\Program Files\Java\jdk-12.0.2\bin\java.exe
0x00007ffa3d000000 - 0x00007ffa3d1f0000 	C:\WINDOWS\SYSTEM32\ntdll.dll
0x00007ffa3b6c0000 - 0x00007ffa3b772000 	C:\WINDOWS\System32\KERNEL32.DLL
0x00007ffa3aa90000 - 0x00007ffa3ad33000 	C:\WINDOWS\System32\KERNELBASE.dll
0x00007ffa3ad70000 - 0x00007ffa3ae6a000 	C:\WINDOWS\System32\ucrtbase.dll
0x00007ffa18520000 - 0x00007ffa18538000 	C:\Program Files\Java\jdk-12.0.2\bin\jli.dll
0x00007ffa18540000 - 0x00007ffa18556000 	C:\Program Files\Java\jdk-12.0.2\bin\VCRUNTIME140.dll
0x00007ffa3b080000 - 0x00007ffa3b123000 	C:\WINDOWS\System32\ADVAPI32.dll
0x00007ffa3c940000 - 0x00007ffa3c9de000 	C:\WINDOWS\System32\msvcrt.dll
0x00007ffa3bad0000 - 0x00007ffa3bb67000 	C:\WINDOWS\System32\sechost.dll
0x00007ffa3b280000 - 0x00007ffa3b3a0000 	C:\WINDOWS\System32\RPCRT4.dll
0x00007ffa3c410000 - 0x00007ffa3c5a3000 	C:\WINDOWS\System32\USER32.dll
0x00007ffa28c00000 - 0x00007ffa28e85000 	C:\WINDOWS\WinSxS\amd64_microsoft.windows.common-controls_6595b64144ccf1df_6.0.18362.356_none_e6c4af7d130f27cc\COMCTL32.dll
0x00007ffa3ad40000 - 0x00007ffa3ad61000 	C:\WINDOWS\System32\win32u.dll
0x00007ffa3c7b0000 - 0x00007ffa3c7d6000 	C:\WINDOWS\System32\GDI32.dll
0x00007ffa3b780000 - 0x00007ffa3bab6000 	C:\WINDOWS\System32\combase.dll
0x00007ffa39f60000 - 0x00007ffa3a0f4000 	C:\WINDOWS\System32\gdi32full.dll
0x00007ffa3a9b0000 - 0x00007ffa3aa30000 	C:\WINDOWS\System32\bcryptPrimitives.dll
0x00007ffa3ae70000 - 0x00007ffa3af0e000 	C:\WINDOWS\System32\msvcp_win.dll
0x00007ffa33250000 - 0x00007ffa3325a000 	C:\WINDOWS\SYSTEM32\VERSION.dll
0x00007ffa3b420000 - 0x00007ffa3b44e000 	C:\WINDOWS\System32\IMM32.DLL
0x00007ff9fcbf0000 - 0x00007ff9fcc9a000 	C:\Program Files\Java\jdk-12.0.2\bin\msvcp140.dll
0x00007ff9ce1b0000 - 0x00007ff9ced27000 	C:\Program Files\Java\jdk-12.0.2\bin\server\jvm.dll
0x00007ffa3c6f0000 - 0x00007ffa3c6f8000 	C:\WINDOWS\System32\PSAPI.DLL
0x00007ffa240a0000 - 0x00007ffa240a9000 	C:\WINDOWS\SYSTEM32\WSOCK32.dll
0x00007ffa37d60000 - 0x00007ffa37d84000 	C:\WINDOWS\SYSTEM32\WINMM.dll
0x00007ffa3c680000 - 0x00007ffa3c6ef000 	C:\WINDOWS\System32\WS2_32.dll
0x00007ffa37ae0000 - 0x00007ffa37b0d000 	C:\WINDOWS\SYSTEM32\WINMMBASE.dll
0x00007ffa3a930000 - 0x00007ffa3a97a000 	C:\WINDOWS\System32\cfgmgr32.dll
0x00007ffa39f40000 - 0x00007ffa39f51000 	C:\WINDOWS\System32\kernel.appcore.dll
0x00007ffa18500000 - 0x00007ffa18511000 	C:\Program Files\Java\jdk-12.0.2\bin\verify.dll
0x00007ffa387d0000 - 0x00007ffa389c4000 	C:\WINDOWS\SYSTEM32\DBGHELP.DLL
0x00007ffa23be0000 - 0x00007ffa23c0a000 	C:\WINDOWS\SYSTEM32\dbgcore.DLL
0x00007ffa173c0000 - 0x00007ffa173e6000 	C:\Program Files\Java\jdk-12.0.2\bin\java.dll
0x00007ffa35200000 - 0x00007ffa3520e000 	C:\Program Files\Java\jdk-12.0.2\bin\instrument.dll
0x00007ffa173a0000 - 0x00007ffa173b7000 	C:\Program Files\Java\jdk-12.0.2\bin\zip.dll
0x00007ffa24d90000 - 0x00007ffa24d9a000 	C:\Program Files\Java\jdk-12.0.2\bin\jimage.dll
0x00007ffa3bb80000 - 0x00007ffa3c265000 	C:\WINDOWS\System32\SHELL32.dll
0x00007ffa3c700000 - 0x00007ffa3c7a9000 	C:\WINDOWS\System32\shcore.dll
0x00007ffa3a100000 - 0x00007ffa3a87e000 	C:\WINDOWS\System32\windows.storage.dll
0x00007ffa39ed0000 - 0x00007ffa39eef000 	C:\WINDOWS\System32\profapi.dll
0x00007ffa39ef0000 - 0x00007ffa39f3a000 	C:\WINDOWS\System32\powrprof.dll
0x00007ffa39ea0000 - 0x00007ffa39eb0000 	C:\WINDOWS\System32\UMPDC.dll
0x00007ffa3b4b0000 - 0x00007ffa3b502000 	C:\WINDOWS\System32\shlwapi.dll
0x00007ffa3af10000 - 0x00007ffa3af27000 	C:\WINDOWS\System32\cryptsp.dll
0x00007ffa16fd0000 - 0x00007ffa16fe9000 	C:\Program Files\Java\jdk-12.0.2\bin\net.dll
0x00007ffa28800000 - 0x00007ffa289d6000 	C:\WINDOWS\SYSTEM32\urlmon.dll
0x00007ffa2cac0000 - 0x00007ffa2cbb0000 	C:\WINDOWS\SYSTEM32\WINHTTP.dll
0x00007ffa28550000 - 0x00007ffa287f6000 	C:\WINDOWS\SYSTEM32\iertutil.dll
0x00007ffa398e0000 - 0x00007ffa398ec000 	C:\WINDOWS\SYSTEM32\CRYPTBASE.DLL
0x00007ffa39710000 - 0x00007ffa39777000 	C:\WINDOWS\system32\mswsock.dll
0x00007ffa16fb0000 - 0x00007ffa16fc3000 	C:\Program Files\Java\jdk-12.0.2\bin\nio.dll
0x00007ffa351e0000 - 0x00007ffa351fa000 	C:\Program Files\JetBrains\IntelliJ IDEA 2019.2.2\bin\breakgen64.dll
0x00007ffa282b0000 - 0x00007ffa282b9000 	C:\Users\stein\source\prcppMatrixAufgabe\prcppMatrixAufgabe.dll

dbghelp: loaded successfully - version: 4.0.5 - missing functions: none
symbol engine: initialized successfully - sym options: 0x614 - pdb path: .;C:\Program Files\Java\jdk-12.0.2\bin;C:\WINDOWS\SYSTEM32;C:\WINDOWS\WinSxS\amd64_microsoft.windows.common-controls_6595b64144ccf1df_6.0.18362.356_none_e6c4af7d130f27cc;C:\Program Files\Java\jdk-12.0.2\bin\server;C:\Program Files\JetBrains\IntelliJ IDEA 2019.2.2\bin;C:\Users\stein\source\prcppMatrixAufgabe

VM Arguments:
jvm_args: -javaagent:C:\Program Files\JetBrains\IntelliJ IDEA 2019.2.2\lib\idea_rt.jar=53192:C:\Program Files\JetBrains\IntelliJ IDEA 2019.2.2\bin -Dfile.encoding=UTF-8 
java_command: com.company.Main
java_class_path (initial): C:\Users\stein\source\prcppMatrixAufgabe\out\production\untitled104
Launcher Type: SUN_STANDARD

[Global flags]
     intx CICompilerCount                          = 4                                         {product} {ergonomic}
     uint ConcGCThreads                            = 3                                         {product} {ergonomic}
     uint G1ConcRefinementThreads                  = 10                                        {product} {ergonomic}
   size_t G1HeapRegionSize                         = 1048576                                   {product} {ergonomic}
    uintx GCDrainStackTargetSize                   = 64                                        {product} {ergonomic}
   size_t InitialHeapSize                          = 266338304                                 {product} {ergonomic}
   size_t MarkStackSize                            = 4194304                                   {product} {ergonomic}
   size_t MaxHeapSize                              = 4257218560                                {product} {ergonomic}
   size_t MaxNewSize                               = 2554331136                                {product} {ergonomic}
   size_t MinHeapDeltaBytes                        = 1048576                                   {product} {ergonomic}
    uintx NonNMethodCodeHeapSize                   = 5836300                                {pd product} {ergonomic}
    uintx NonProfiledCodeHeapSize                  = 122910970                              {pd product} {ergonomic}
    uintx ProfiledCodeHeapSize                     = 122910970                              {pd product} {ergonomic}
    uintx ReservedCodeCacheSize                    = 251658240                              {pd product} {ergonomic}
     bool SegmentedCodeCache                       = true                                      {product} {ergonomic}
     bool UseCompressedClassPointers               = true                                 {lp64_product} {ergonomic}
     bool UseCompressedOops                        = true                                 {lp64_product} {ergonomic}
     bool UseG1GC                                  = true                                      {product} {ergonomic}
     bool UseLargePagesIndividualAllocation        = false                                  {pd product} {ergonomic}

Logging:
Log output configuration:
 #0: stdout all=warning uptime,level,tags
 #1: stderr all=off uptime,level,tags

Environment Variables:
PATH=C:\Program Files (x86)\Intel\Intel(R) Management Engine Components\iCLS\;C:\Program Files\Intel\Intel(R) Management Engine Components\iCLS\;C:\Windows\system32;C:\Windows;C:\Windows\System32\Wbem;C:\Windows\System32\WindowsPowerShell\v1.0\;C:\Windows\System32\OpenSSH\;C:\Program Files (x86)\NVIDIA Corporation\PhysX\Common;C:\Program Files (x86)\Intel\Intel(R) Management Engine Components\DAL;C:\Program Files\Intel\Intel(R) Management Engine Components\DAL;C:\Program Files (x86)\Intel\Intel(R) Management Engine Components\IPT;C:\Program Files\Intel\Intel(R) Management Engine Components\IPT;C:\Program Files\Intel\WiFi\bin\;C:\Program Files\Common Files\Intel\WirelessCommon\;C:\Program Files\Git\cmd;C:\Program Files\nodejs\;C:\Program Files\Java\jdk-12.0.2\bin;C:\Gradle\gradle-5.6.2\bin;C:\Users\stein\curl-7.66.0-win64-mingw\bin;;%SystemRoot%\system32;%SystemRoot%;%SystemRoot%\System32\Wbem;%SYSTEMROOT%\System32\WindowsPowerShell\v1.0\;%SYSTEMROOT%\System32\OpenSSH\;C:\Users\stein\AppData\Local\Microsoft\WindowsApps;;C:\Program Files\JetBrains\IntelliJ IDEA 2019.2.2\bin;;C:\Users\stein\AppData\Roaming\npm;C:\Users\stein\AppData\Local\Programs\Microsoft VS Code\bin
USERNAME=stein
OS=Windows_NT
PROCESSOR_IDENTIFIER=Intel64 Family 6 Model 158 Stepping 10, GenuineIntel



---------------  S Y S T E M  ---------------

OS: Windows 10 , 64 bit Build 18362 (10.0.18362.329)

CPU:total 12 (initial active 12) (6 cores per cpu, 2 threads per core) family 6 model 158 stepping 10, cmov, cx8, fxsr, mmx, sse, sse2, sse3, ssse3, sse4.1, sse4.2, popcnt, avx, avx2, aes, clmul, erms, 3dnowpref, lzcnt, ht, tsc, tscinvbit, bmi1, bmi2, adx, fma

Memory: 4k page, system-wide physical 16234M (7882M free)
TotalPageFile size 19178M (AvailPageFile size 7462M)
current process WorkingSet (physical memory assigned to process): 126M, peak: 126M
current process commit charge ("private bytes"): 388M, peak: 388M

vm_info: Java HotSpot(TM) 64-Bit Server VM (12.0.2+10) for windows-amd64 JRE (12.0.2+10), built on Jul 16 2019 01:56:17 by "mach5one" with MS VC++ 15.5 (VS2017)

END.
